<?xml version="1.0" encoding="UTF-8"?>
<testng-results ignored="0" total="1" passed="1" failed="0" skipped="0">
  <reporter-output>
  </reporter-output>
  <suite started-at="2024-09-10T11:57:19 IST" name="Default suite" finished-at="2024-09-10T11:57:44 IST" duration-ms="24834">
    <groups>
    </groups>
    <test started-at="2024-09-10T11:57:19 IST" name="Default test" finished-at="2024-09-10T11:57:44 IST" duration-ms="24834">
      <class name="com.infy.JenkinsPractice.GoogleValidation">
        <test-method signature="validateGoogle()[pri:0, instance:com.infy.JenkinsPractice.GoogleValidation@6adbc9d]" started-at="2024-09-10T11:57:19 IST" name="validateGoogle" finished-at="2024-09-10T11:57:44 IST" duration-ms="24732" status="PASS">
          <reporter-output>
          </reporter-output>
        </test-method> <!-- validateGoogle -->
      </class> <!-- com.infy.JenkinsPractice.GoogleValidation -->
    </test> <!-- Default test -->
  </suite> <!-- Default suite -->
</testng-results>
